<?xml version="1.0" encoding="UTF-8"?>
<!-- Generated by org.testng.reporters.JUnitXMLReporter -->
<testsuite ignored="0" hostname="DESKTOP-1LBSN3P" failures="0" tests="2" name="End To End Framework Test" time="14.263" errors="0" timestamp="2024-08-08T18:38:51 IST">
  <testcase classname="org.rahulsherttyavademy.Ecommerce_tc_3" name="@BeforeMethod preSetup" time="0.131">
    <failure type="org.openqa.selenium.WebDriverException" message="An unknown server-side error occurred while processing the command. Original error: Error executing adbExec. Original error: &amp;apos;Command &amp;apos;C:\\Users\\Admin\\Downloads\\android-sdkk\\platform-tools\\adb.exe -P 5037 -s ZD222G6KV8 shell am start-activity com.androidsample.generalstore/com.androidsample.generalstore.MainActivity&amp;apos; exited with code 255&amp;apos;; Command output: 
Exception occurred while executing &amp;apos;start-activity&amp;apos;:
java.lang.SecurityException: Permission Denial: starting Intent { act=android.intent.action.MAIN cat=[android.intent.category.LAUNCHER] flg=0x10000000 cmp=com.androidsample.generalstore/.MainActivity } from null (pid=30892, uid=2000) not exported from uid 10429
	at com.android.server.wm.ActivityTaskSupervisor.checkStartAnyActivityPermission(ActivityTaskSupervisor.java:1275)
	at com.android.server.wm.ActivityStarter.executeRequest(ActivityStarter.java:1364)
	at com.android.server.wm.ActivityStarter.execute(ActivityStarter.java:964)
	at com.android.server.wm.ActivityTaskManagerService.startActivityAsUser(ActivityTaskManagerService.java:1513)
	at com.android.server.wm.ActivityTaskManagerService.startActivityAsUser(ActivityTaskManagerService.java:1460)
	at com.android.server.am.ActivityManagerService.startActivityAsUserWithFeature(ActivityManagerService.java:3362)
	at com.android.server.am.ActivityManagerShellCommand.runStartActivity(ActivityManagerShellCommand.java:741)
	at com.android.server.am.ActivityManagerShellCommand.onCommand(ActivityManagerShellCommand.java:242)
	at com.android.modules.utils.BasicShellCommandHandler.exec(BasicShellCommandHandler.java:97)
	at android.os.ShellCommand.exec(ShellCommand.java:38)
	at com.android.server.am.ActivityManagerService.onShellCommand(ActivityManagerService.java:10139)
	at android.os.Binder.shellCommand(Binder.java:1103)
	at android.os.Binder.onTransact(Binder.java:923)
	at android.app.IActivityManager$Stub.onTransact(IActivityManager.java:5669)
	at com.android.server.am.ActivityManagerService.onTransact(ActivityManagerService.java:2834)
	at android.os.Binder.execTransactInternal(Binder.java:1385)
	at android.os.Binder.execTransact(Binder.java:1310)

Build info: version: &amp;apos;4.23.0&amp;apos;, revision: &amp;apos;4df0a231af&amp;apos;
System info: os.name: &amp;apos;Windows 10&amp;apos;, os.arch: &amp;apos;amd64&amp;apos;, os.version: &amp;apos;10.0&amp;apos;, java.version: &amp;apos;19.0.2&amp;apos;
Driver info: io.appium.java_client.android.AndroidDriver
Command: [1d822356-fd85-491a-b02f-a7eb475f1a9d, executeScript {script=mobile:startActivity, args=[{intent=com.androidsample.generalstore/com.androidsample.generalstore.MainActivity}]}]
Capabilities {appium:app: C:\Users\Admin\eclipse-work..., appium:appPackage: com.androidsample.generalstore, appium:automationName: UIAutomator2, appium:chromedriverExecutable: C:\\Users\\Admin\\Favorites..., appium:databaseEnabled: false, appium:desired: {app: C:\Users\Admin\eclipse-work..., automationName: UIAutomator2, chromedriverExecutable: C:\\Users\\Admin\\Favorites..., deviceName: motorola motorola edge 40, platformName: ANDROID}, appium:deviceApiLevel: 34, appium:deviceManufacturer: motorola, appium:deviceModel: motorola edge 40, appium:deviceName: ZD222G6KV8, appium:deviceScreenDensity: 400, appium:deviceScreenSize: 1080x2294, appium:deviceUDID: ZD222G6KV8, appium:javascriptEnabled: true, appium:locationContextEnabled: false, appium:networkConnectionEnabled: true, appium:pixelRatio: 2.5, appium:platformVersion: 14, appium:statBarHeight: 106, appium:takesScreenshot: true, appium:viewportRect: {height: 2188, left: 0, top: 106, width: 1080}, appium:warnings: {}, appium:webStorageEnabled: false, platformName: ANDROID}
Session ID: 1d822356-fd85-491a-b02f-a7eb475f1a9d">
      <![CDATA[org.openqa.selenium.WebDriverException: An unknown server-side error occurred while processing the command. Original error: Error executing adbExec. Original error: 'Command 'C:\\Users\\Admin\\Downloads\\android-sdkk\\platform-tools\\adb.exe -P 5037 -s ZD222G6KV8 shell am start-activity com.androidsample.generalstore/com.androidsample.generalstore.MainActivity' exited with code 255'; Command output: 
Exception occurred while executing 'start-activity':
java.lang.SecurityException: Permission Denial: starting Intent { act=android.intent.action.MAIN cat=[android.intent.category.LAUNCHER] flg=0x10000000 cmp=com.androidsample.generalstore/.MainActivity } from null (pid=30892, uid=2000) not exported from uid 10429
at com.android.server.wm.ActivityTaskSupervisor.checkStartAnyActivityPermission(ActivityTaskSupervisor.java:1275)
at com.android.server.wm.ActivityStarter.executeRequest(ActivityStarter.java:1364)
at com.android.server.wm.ActivityStarter.execute(ActivityStarter.java:964)
at com.android.server.wm.ActivityTaskManagerService.startActivityAsUser(ActivityTaskManagerService.java:1513)
at com.android.server.wm.ActivityTaskManagerService.startActivityAsUser(ActivityTaskManagerService.java:1460)
at com.android.server.am.ActivityManagerService.startActivityAsUserWithFeature(ActivityManagerService.java:3362)
at com.android.server.am.ActivityManagerShellCommand.runStartActivity(ActivityManagerShellCommand.java:741)
at com.android.server.am.ActivityManagerShellCommand.onCommand(ActivityManagerShellCommand.java:242)
at com.android.modules.utils.BasicShellCommandHandler.exec(BasicShellCommandHandler.java:97)
at android.os.ShellCommand.exec(ShellCommand.java:38)
at com.android.server.am.ActivityManagerService.onShellCommand(ActivityManagerService.java:10139)
at android.os.Binder.shellCommand(Binder.java:1103)
at android.os.Binder.onTransact(Binder.java:923)
at android.app.IActivityManager$Stub.onTransact(IActivityManager.java:5669)
at com.android.server.am.ActivityManagerService.onTransact(ActivityManagerService.java:2834)
at android.os.Binder.execTransactInternal(Binder.java:1385)
at android.os.Binder.execTransact(Binder.java:1310)

Build info: version: '4.23.0', revision: '4df0a231af'
System info: os.name: 'Windows 10', os.arch: 'amd64', os.version: '10.0', java.version: '19.0.2'
Driver info: io.appium.java_client.android.AndroidDriver
Command: [1d822356-fd85-491a-b02f-a7eb475f1a9d, executeScript {script=mobile:startActivity, args=[{intent=com.androidsample.generalstore/com.androidsample.generalstore.MainActivity}]}]
Capabilities {appium:app: C:\Users\Admin\eclipse-work..., appium:appPackage: com.androidsample.generalstore, appium:automationName: UIAutomator2, appium:chromedriverExecutable: C:\\Users\\Admin\\Favorites..., appium:databaseEnabled: false, appium:desired: {app: C:\Users\Admin\eclipse-work..., automationName: UIAutomator2, chromedriverExecutable: C:\\Users\\Admin\\Favorites..., deviceName: motorola motorola edge 40, platformName: ANDROID}, appium:deviceApiLevel: 34, appium:deviceManufacturer: motorola, appium:deviceModel: motorola edge 40, appium:deviceName: ZD222G6KV8, appium:deviceScreenDensity: 400, appium:deviceScreenSize: 1080x2294, appium:deviceUDID: ZD222G6KV8, appium:javascriptEnabled: true, appium:locationContextEnabled: false, appium:networkConnectionEnabled: true, appium:pixelRatio: 2.5, appium:platformVersion: 14, appium:statBarHeight: 106, appium:takesScreenshot: true, appium:viewportRect: {height: 2188, left: 0, top: 106, width: 1080}, appium:warnings: {}, appium:webStorageEnabled: false, platformName: ANDROID}
Session ID: 1d822356-fd85-491a-b02f-a7eb475f1a9d
at org.openqa.selenium.remote.ErrorCodec.decode(ErrorCodec.java:167)
at org.openqa.selenium.remote.codec.w3c.W3CHttpResponseCodec.decode(W3CHttpResponseCodec.java:138)
at org.openqa.selenium.remote.codec.w3c.W3CHttpResponseCodec.decode(W3CHttpResponseCodec.java:50)
at org.openqa.selenium.remote.HttpCommandExecutor.execute(HttpCommandExecutor.java:190)
at io.appium.java_client.remote.AppiumCommandExecutor.execute(AppiumCommandExecutor.java:237)
at org.openqa.selenium.remote.RemoteWebDriver.execute(RemoteWebDriver.java:527)
at org.openqa.selenium.remote.RemoteWebDriver.executeScript(RemoteWebDriver.java:465)
at com.rahulshettyacacdemy.pageobjects.Android.FormPage.setActivity(FormPage.java:55)
at org.rahulsherttyavademy.Ecommerce_tc_3.preSetup(Ecommerce_tc_3.java:87)
at java.base/java.util.ArrayList.forEach(ArrayList.java:1511)
... Removed 32 stack frames]]>
    </failure>
  </testcase> <!-- @BeforeMethod preSetup -->
  <testcase classname="org.rahulsherttyavademy.Ecommerce_tc_3" name="@BeforeMethod preSetup" time="0.097">
    <failure type="org.openqa.selenium.WebDriverException" message="An unknown server-side error occurred while processing the command. Original error: Error executing adbExec. Original error: &amp;apos;Command &amp;apos;C:\\Users\\Admin\\Downloads\\android-sdkk\\platform-tools\\adb.exe -P 5037 -s ZD222G6KV8 shell am start-activity com.androidsample.generalstore/com.androidsample.generalstore.MainActivity&amp;apos; exited with code 255&amp;apos;; Command output: 
Exception occurred while executing &amp;apos;start-activity&amp;apos;:
java.lang.SecurityException: Permission Denial: starting Intent { act=android.intent.action.MAIN cat=[android.intent.category.LAUNCHER] flg=0x10000000 cmp=com.androidsample.generalstore/.MainActivity } from null (pid=30897, uid=2000) not exported from uid 10429
	at com.android.server.wm.ActivityTaskSupervisor.checkStartAnyActivityPermission(ActivityTaskSupervisor.java:1275)
	at com.android.server.wm.ActivityStarter.executeRequest(ActivityStarter.java:1364)
	at com.android.server.wm.ActivityStarter.execute(ActivityStarter.java:964)
	at com.android.server.wm.ActivityTaskManagerService.startActivityAsUser(ActivityTaskManagerService.java:1513)
	at com.android.server.wm.ActivityTaskManagerService.startActivityAsUser(ActivityTaskManagerService.java:1460)
	at com.android.server.am.ActivityManagerService.startActivityAsUserWithFeature(ActivityManagerService.java:3362)
	at com.android.server.am.ActivityManagerShellCommand.runStartActivity(ActivityManagerShellCommand.java:741)
	at com.android.server.am.ActivityManagerShellCommand.onCommand(ActivityManagerShellCommand.java:242)
	at com.android.modules.utils.BasicShellCommandHandler.exec(BasicShellCommandHandler.java:97)
	at android.os.ShellCommand.exec(ShellCommand.java:38)
	at com.android.server.am.ActivityManagerService.onShellCommand(ActivityManagerService.java:10139)
	at android.os.Binder.shellCommand(Binder.java:1103)
	at android.os.Binder.onTransact(Binder.java:923)
	at android.app.IActivityManager$Stub.onTransact(IActivityManager.java:5669)
	at com.android.server.am.ActivityManagerService.onTransact(ActivityManagerService.java:2834)
	at android.os.Binder.execTransactInternal(Binder.java:1385)
	at android.os.Binder.execTransact(Binder.java:1310)

Build info: version: &amp;apos;4.23.0&amp;apos;, revision: &amp;apos;4df0a231af&amp;apos;
System info: os.name: &amp;apos;Windows 10&amp;apos;, os.arch: &amp;apos;amd64&amp;apos;, os.version: &amp;apos;10.0&amp;apos;, java.version: &amp;apos;19.0.2&amp;apos;
Driver info: io.appium.java_client.android.AndroidDriver
Command: [1d822356-fd85-491a-b02f-a7eb475f1a9d, executeScript {script=mobile:startActivity, args=[{intent=com.androidsample.generalstore/com.androidsample.generalstore.MainActivity}]}]
Capabilities {appium:app: C:\Users\Admin\eclipse-work..., appium:appPackage: com.androidsample.generalstore, appium:automationName: UIAutomator2, appium:chromedriverExecutable: C:\\Users\\Admin\\Favorites..., appium:databaseEnabled: false, appium:desired: {app: C:\Users\Admin\eclipse-work..., automationName: UIAutomator2, chromedriverExecutable: C:\\Users\\Admin\\Favorites..., deviceName: motorola motorola edge 40, platformName: ANDROID}, appium:deviceApiLevel: 34, appium:deviceManufacturer: motorola, appium:deviceModel: motorola edge 40, appium:deviceName: ZD222G6KV8, appium:deviceScreenDensity: 400, appium:deviceScreenSize: 1080x2294, appium:deviceUDID: ZD222G6KV8, appium:javascriptEnabled: true, appium:locationContextEnabled: false, appium:networkConnectionEnabled: true, appium:pixelRatio: 2.5, appium:platformVersion: 14, appium:statBarHeight: 106, appium:takesScreenshot: true, appium:viewportRect: {height: 2188, left: 0, top: 106, width: 1080}, appium:warnings: {}, appium:webStorageEnabled: false, platformName: ANDROID}
Session ID: 1d822356-fd85-491a-b02f-a7eb475f1a9d">
      <![CDATA[org.openqa.selenium.WebDriverException: An unknown server-side error occurred while processing the command. Original error: Error executing adbExec. Original error: 'Command 'C:\\Users\\Admin\\Downloads\\android-sdkk\\platform-tools\\adb.exe -P 5037 -s ZD222G6KV8 shell am start-activity com.androidsample.generalstore/com.androidsample.generalstore.MainActivity' exited with code 255'; Command output: 
Exception occurred while executing 'start-activity':
java.lang.SecurityException: Permission Denial: starting Intent { act=android.intent.action.MAIN cat=[android.intent.category.LAUNCHER] flg=0x10000000 cmp=com.androidsample.generalstore/.MainActivity } from null (pid=30897, uid=2000) not exported from uid 10429
at com.android.server.wm.ActivityTaskSupervisor.checkStartAnyActivityPermission(ActivityTaskSupervisor.java:1275)
at com.android.server.wm.ActivityStarter.executeRequest(ActivityStarter.java:1364)
at com.android.server.wm.ActivityStarter.execute(ActivityStarter.java:964)
at com.android.server.wm.ActivityTaskManagerService.startActivityAsUser(ActivityTaskManagerService.java:1513)
at com.android.server.wm.ActivityTaskManagerService.startActivityAsUser(ActivityTaskManagerService.java:1460)
at com.android.server.am.ActivityManagerService.startActivityAsUserWithFeature(ActivityManagerService.java:3362)
at com.android.server.am.ActivityManagerShellCommand.runStartActivity(ActivityManagerShellCommand.java:741)
at com.android.server.am.ActivityManagerShellCommand.onCommand(ActivityManagerShellCommand.java:242)
at com.android.modules.utils.BasicShellCommandHandler.exec(BasicShellCommandHandler.java:97)
at android.os.ShellCommand.exec(ShellCommand.java:38)
at com.android.server.am.ActivityManagerService.onShellCommand(ActivityManagerService.java:10139)
at android.os.Binder.shellCommand(Binder.java:1103)
at android.os.Binder.onTransact(Binder.java:923)
at android.app.IActivityManager$Stub.onTransact(IActivityManager.java:5669)
at com.android.server.am.ActivityManagerService.onTransact(ActivityManagerService.java:2834)
at android.os.Binder.execTransactInternal(Binder.java:1385)
at android.os.Binder.execTransact(Binder.java:1310)

Build info: version: '4.23.0', revision: '4df0a231af'
System info: os.name: 'Windows 10', os.arch: 'amd64', os.version: '10.0', java.version: '19.0.2'
Driver info: io.appium.java_client.android.AndroidDriver
Command: [1d822356-fd85-491a-b02f-a7eb475f1a9d, executeScript {script=mobile:startActivity, args=[{intent=com.androidsample.generalstore/com.androidsample.generalstore.MainActivity}]}]
Capabilities {appium:app: C:\Users\Admin\eclipse-work..., appium:appPackage: com.androidsample.generalstore, appium:automationName: UIAutomator2, appium:chromedriverExecutable: C:\\Users\\Admin\\Favorites..., appium:databaseEnabled: false, appium:desired: {app: C:\Users\Admin\eclipse-work..., automationName: UIAutomator2, chromedriverExecutable: C:\\Users\\Admin\\Favorites..., deviceName: motorola motorola edge 40, platformName: ANDROID}, appium:deviceApiLevel: 34, appium:deviceManufacturer: motorola, appium:deviceModel: motorola edge 40, appium:deviceName: ZD222G6KV8, appium:deviceScreenDensity: 400, appium:deviceScreenSize: 1080x2294, appium:deviceUDID: ZD222G6KV8, appium:javascriptEnabled: true, appium:locationContextEnabled: false, appium:networkConnectionEnabled: true, appium:pixelRatio: 2.5, appium:platformVersion: 14, appium:statBarHeight: 106, appium:takesScreenshot: true, appium:viewportRect: {height: 2188, left: 0, top: 106, width: 1080}, appium:warnings: {}, appium:webStorageEnabled: false, platformName: ANDROID}
Session ID: 1d822356-fd85-491a-b02f-a7eb475f1a9d
at org.openqa.selenium.remote.ErrorCodec.decode(ErrorCodec.java:167)
at org.openqa.selenium.remote.codec.w3c.W3CHttpResponseCodec.decode(W3CHttpResponseCodec.java:138)
at org.openqa.selenium.remote.codec.w3c.W3CHttpResponseCodec.decode(W3CHttpResponseCodec.java:50)
at org.openqa.selenium.remote.HttpCommandExecutor.execute(HttpCommandExecutor.java:190)
at io.appium.java_client.remote.AppiumCommandExecutor.execute(AppiumCommandExecutor.java:237)
at org.openqa.selenium.remote.RemoteWebDriver.execute(RemoteWebDriver.java:527)
at org.openqa.selenium.remote.RemoteWebDriver.executeScript(RemoteWebDriver.java:465)
at com.rahulshettyacacdemy.pageobjects.Android.FormPage.setActivity(FormPage.java:55)
at org.rahulsherttyavademy.Ecommerce_tc_3.preSetup(Ecommerce_tc_3.java:87)
at java.base/java.util.ArrayList.forEach(ArrayList.java:1511)
... Removed 32 stack frames]]>
    </failure>
  </testcase> <!-- @BeforeMethod preSetup -->
  <testcase classname="org.rahulsherttyavademy.Ecommerce_tc_3" name="FillForm" time="0.0">
    <skipped/>
  </testcase> <!-- FillForm -->
  <testcase classname="org.rahulsherttyavademy.Ecommerce_tc_3" name="FillForm" time="0.0">
    <skipped/>
  </testcase> <!-- FillForm -->
</testsuite> <!-- End To End Framework Test -->
