<?xml version="1.0" encoding="UTF-8"?>
<testng-results ignored="0" total="2" passed="0" failed="0" skipped="2">
  <reporter-output>
  </reporter-output>
  <suite started-at="2024-08-08T18:38:37 IST" name="Suite" finished-at="2024-08-08T18:38:51 IST" duration-ms="14263">
    <groups>
      <group name="Smoke">
        <method signature="Ecommerce_tc_3.FillForm(java.util.HashMap)[pri:0, instance:org.rahulsherttyavademy.Ecommerce_tc_3@3f270e0a]" name="FillForm" class="org.rahulsherttyavademy.Ecommerce_tc_3"/>
      </group> <!-- Smoke -->
    </groups>
    <test started-at="2024-08-08T18:38:37 IST" name="End To End Framework Test" finished-at="2024-08-08T18:38:51 IST" duration-ms="14263">
      <class name="org.rahulsherttyavademy.Ecommerce_tc_3">
        <test-method is-config="true" signature="ConfigurationAppium()[pri:0, instance:org.rahulsherttyavademy.Ecommerce_tc_3@3f270e0a]" started-at="2024-08-08T18:38:37 IST" name="ConfigurationAppium" finished-at="2024-08-08T18:38:50 IST" duration-ms="13587" status="PASS">
          <reporter-output>
          </reporter-output>
        </test-method> <!-- ConfigurationAppium -->
        <test-method is-config="true" signature="preSetup()[pri:0, instance:org.rahulsherttyavademy.Ecommerce_tc_3@3f270e0a]" started-at="2024-08-08T18:38:51 IST" name="preSetup" finished-at="2024-08-08T18:38:51 IST" duration-ms="131" status="FAIL">
          <exception class="org.openqa.selenium.WebDriverException">
            <message>
              <![CDATA[An unknown server-side error occurred while processing the command. Original error: Error executing adbExec. Original error: 'Command 'C:\\Users\\Admin\\Downloads\\android-sdkk\\platform-tools\\adb.exe -P 5037 -s ZD222G6KV8 shell am start-activity com.androidsample.generalstore/com.androidsample.generalstore.MainActivity' exited with code 255'; Command output: 
Exception occurred while executing 'start-activity':
java.lang.SecurityException: Permission Denial: starting Intent { act=android.intent.action.MAIN cat=[android.intent.category.LAUNCHER] flg=0x10000000 cmp=com.androidsample.generalstore/.MainActivity } from null (pid=30892, uid=2000) not exported from uid 10429
at com.android.server.wm.ActivityTaskSupervisor.checkStartAnyActivityPermission(ActivityTaskSupervisor.java:1275)
at com.android.server.wm.ActivityStarter.executeRequest(ActivityStarter.java:1364)
at com.android.server.wm.ActivityStarter.execute(ActivityStarter.java:964)
at com.android.server.wm.ActivityTaskManagerService.startActivityAsUser(ActivityTaskManagerService.java:1513)
at com.android.server.wm.ActivityTaskManagerService.startActivityAsUser(ActivityTaskManagerService.java:1460)
at com.android.server.am.ActivityManagerService.startActivityAsUserWithFeature(ActivityManagerService.java:3362)
at com.android.server.am.ActivityManagerShellCommand.runStartActivity(ActivityManagerShellCommand.java:741)
at com.android.server.am.ActivityManagerShellCommand.onCommand(ActivityManagerShellCommand.java:242)
at com.android.modules.utils.BasicShellCommandHandler.exec(BasicShellCommandHandler.java:97)
at android.os.ShellCommand.exec(ShellCommand.java:38)
at com.android.server.am.ActivityManagerService.onShellCommand(ActivityManagerService.java:10139)
at android.os.Binder.shellCommand(Binder.java:1103)
at android.os.Binder.onTransact(Binder.java:923)
at android.app.IActivityManager$Stub.onTransact(IActivityManager.java:5669)
at com.android.server.am.ActivityManagerService.onTransact(ActivityManagerService.java:2834)
at android.os.Binder.execTransactInternal(Binder.java:1385)
at android.os.Binder.execTransact(Binder.java:1310)

Build info: version: '4.23.0', revision: '4df0a231af'
System info: os.name: 'Windows 10', os.arch: 'amd64', os.version: '10.0', java.version: '19.0.2'
Driver info: io.appium.java_client.android.AndroidDriver
Command: [1d822356-fd85-491a-b02f-a7eb475f1a9d, executeScript {script=mobile:startActivity, args=[{intent=com.androidsample.generalstore/com.androidsample.generalstore.MainActivity}]}]
Capabilities {appium:app: C:\Users\Admin\eclipse-work..., appium:appPackage: com.androidsample.generalstore, appium:automationName: UIAutomator2, appium:chromedriverExecutable: C:\\Users\\Admin\\Favorites..., appium:databaseEnabled: false, appium:desired: {app: C:\Users\Admin\eclipse-work..., automationName: UIAutomator2, chromedriverExecutable: C:\\Users\\Admin\\Favorites..., deviceName: motorola motorola edge 40, platformName: ANDROID}, appium:deviceApiLevel: 34, appium:deviceManufacturer: motorola, appium:deviceModel: motorola edge 40, appium:deviceName: ZD222G6KV8, appium:deviceScreenDensity: 400, appium:deviceScreenSize: 1080x2294, appium:deviceUDID: ZD222G6KV8, appium:javascriptEnabled: true, appium:locationContextEnabled: false, appium:networkConnectionEnabled: true, appium:pixelRatio: 2.5, appium:platformVersion: 14, appium:statBarHeight: 106, appium:takesScreenshot: true, appium:viewportRect: {height: 2188, left: 0, top: 106, width: 1080}, appium:warnings: {}, appium:webStorageEnabled: false, platformName: ANDROID}
Session ID: 1d822356-fd85-491a-b02f-a7eb475f1a9d]]>
            </message>
            <full-stacktrace>
              <![CDATA[org.openqa.selenium.WebDriverException: An unknown server-side error occurred while processing the command. Original error: Error executing adbExec. Original error: 'Command 'C:\\Users\\Admin\\Downloads\\android-sdkk\\platform-tools\\adb.exe -P 5037 -s ZD222G6KV8 shell am start-activity com.androidsample.generalstore/com.androidsample.generalstore.MainActivity' exited with code 255'; Command output: 
Exception occurred while executing 'start-activity':
java.lang.SecurityException: Permission Denial: starting Intent { act=android.intent.action.MAIN cat=[android.intent.category.LAUNCHER] flg=0x10000000 cmp=com.androidsample.generalstore/.MainActivity } from null (pid=30892, uid=2000) not exported from uid 10429
at com.android.server.wm.ActivityTaskSupervisor.checkStartAnyActivityPermission(ActivityTaskSupervisor.java:1275)
at com.android.server.wm.ActivityStarter.executeRequest(ActivityStarter.java:1364)
at com.android.server.wm.ActivityStarter.execute(ActivityStarter.java:964)
at com.android.server.wm.ActivityTaskManagerService.startActivityAsUser(ActivityTaskManagerService.java:1513)
at com.android.server.wm.ActivityTaskManagerService.startActivityAsUser(ActivityTaskManagerService.java:1460)
at com.android.server.am.ActivityManagerService.startActivityAsUserWithFeature(ActivityManagerService.java:3362)
at com.android.server.am.ActivityManagerShellCommand.runStartActivity(ActivityManagerShellCommand.java:741)
at com.android.server.am.ActivityManagerShellCommand.onCommand(ActivityManagerShellCommand.java:242)
at com.android.modules.utils.BasicShellCommandHandler.exec(BasicShellCommandHandler.java:97)
at android.os.ShellCommand.exec(ShellCommand.java:38)
at com.android.server.am.ActivityManagerService.onShellCommand(ActivityManagerService.java:10139)
at android.os.Binder.shellCommand(Binder.java:1103)
at android.os.Binder.onTransact(Binder.java:923)
at android.app.IActivityManager$Stub.onTransact(IActivityManager.java:5669)
at com.android.server.am.ActivityManagerService.onTransact(ActivityManagerService.java:2834)
at android.os.Binder.execTransactInternal(Binder.java:1385)
at android.os.Binder.execTransact(Binder.java:1310)

Build info: version: '4.23.0', revision: '4df0a231af'
System info: os.name: 'Windows 10', os.arch: 'amd64', os.version: '10.0', java.version: '19.0.2'
Driver info: io.appium.java_client.android.AndroidDriver
Command: [1d822356-fd85-491a-b02f-a7eb475f1a9d, executeScript {script=mobile:startActivity, args=[{intent=com.androidsample.generalstore/com.androidsample.generalstore.MainActivity}]}]
Capabilities {appium:app: C:\Users\Admin\eclipse-work..., appium:appPackage: com.androidsample.generalstore, appium:automationName: UIAutomator2, appium:chromedriverExecutable: C:\\Users\\Admin\\Favorites..., appium:databaseEnabled: false, appium:desired: {app: C:\Users\Admin\eclipse-work..., automationName: UIAutomator2, chromedriverExecutable: C:\\Users\\Admin\\Favorites..., deviceName: motorola motorola edge 40, platformName: ANDROID}, appium:deviceApiLevel: 34, appium:deviceManufacturer: motorola, appium:deviceModel: motorola edge 40, appium:deviceName: ZD222G6KV8, appium:deviceScreenDensity: 400, appium:deviceScreenSize: 1080x2294, appium:deviceUDID: ZD222G6KV8, appium:javascriptEnabled: true, appium:locationContextEnabled: false, appium:networkConnectionEnabled: true, appium:pixelRatio: 2.5, appium:platformVersion: 14, appium:statBarHeight: 106, appium:takesScreenshot: true, appium:viewportRect: {height: 2188, left: 0, top: 106, width: 1080}, appium:warnings: {}, appium:webStorageEnabled: false, platformName: ANDROID}
Session ID: 1d822356-fd85-491a-b02f-a7eb475f1a9d
at java.base/jdk.internal.reflect.DirectConstructorHandleAccessor.newInstance(DirectConstructorHandleAccessor.java:67)
at java.base/java.lang.reflect.Constructor.newInstanceWithCaller(Constructor.java:500)
at java.base/java.lang.reflect.Constructor.newInstance(Constructor.java:484)
at org.openqa.selenium.remote.ErrorCodec.decode(ErrorCodec.java:167)
at org.openqa.selenium.remote.codec.w3c.W3CHttpResponseCodec.decode(W3CHttpResponseCodec.java:138)
at org.openqa.selenium.remote.codec.w3c.W3CHttpResponseCodec.decode(W3CHttpResponseCodec.java:50)
at org.openqa.selenium.remote.HttpCommandExecutor.execute(HttpCommandExecutor.java:190)
at io.appium.java_client.remote.AppiumCommandExecutor.execute(AppiumCommandExecutor.java:237)
at org.openqa.selenium.remote.RemoteWebDriver.execute(RemoteWebDriver.java:527)
at org.openqa.selenium.remote.RemoteWebDriver.executeScript(RemoteWebDriver.java:465)
at com.rahulshettyacacdemy.pageobjects.Android.FormPage.setActivity(FormPage.java:55)
at org.rahulsherttyavademy.Ecommerce_tc_3.preSetup(Ecommerce_tc_3.java:87)
at java.base/jdk.internal.reflect.DirectMethodHandleAccessor.invoke(DirectMethodHandleAccessor.java:104)
at java.base/java.lang.reflect.Method.invoke(Method.java:578)
at org.testng.internal.invokers.MethodInvocationHelper.invokeMethod(MethodInvocationHelper.java:141)
at org.testng.internal.invokers.MethodInvocationHelper.invokeMethodConsideringTimeout(MethodInvocationHelper.java:71)
at org.testng.internal.invokers.ConfigInvoker.invokeConfigurationMethod(ConfigInvoker.java:400)
at org.testng.internal.invokers.ConfigInvoker.invokeConfigurations(ConfigInvoker.java:333)
at org.testng.internal.invokers.TestInvoker.runConfigMethods(TestInvoker.java:833)
at org.testng.internal.invokers.TestInvoker.invokeMethod(TestInvoker.java:600)
at org.testng.internal.invokers.TestInvoker.invokeTestMethod(TestInvoker.java:230)
at org.testng.internal.invokers.MethodRunner.runInSequence(MethodRunner.java:63)
at org.testng.internal.invokers.TestInvoker$MethodInvocationAgent.invoke(TestInvoker.java:992)
at org.testng.internal.invokers.TestInvoker.invokeTestMethods(TestInvoker.java:203)
at org.testng.internal.invokers.TestMethodWorker.invokeTestMethods(TestMethodWorker.java:154)
at org.testng.internal.invokers.TestMethodWorker.run(TestMethodWorker.java:134)
at java.base/java.util.ArrayList.forEach(ArrayList.java:1511)
at org.testng.TestRunner.privateRun(TestRunner.java:739)
at org.testng.TestRunner.run(TestRunner.java:614)
at org.testng.SuiteRunner.runTest(SuiteRunner.java:421)
at org.testng.SuiteRunner.runSequentially(SuiteRunner.java:413)
at org.testng.SuiteRunner.privateRun(SuiteRunner.java:373)
at org.testng.SuiteRunner.run(SuiteRunner.java:312)
at org.testng.SuiteRunnerWorker.runSuite(SuiteRunnerWorker.java:52)
at org.testng.SuiteRunnerWorker.run(SuiteRunnerWorker.java:95)
at org.testng.TestNG.runSuitesSequentially(TestNG.java:1274)
at org.testng.TestNG.runSuitesLocally(TestNG.java:1208)
at org.testng.TestNG.runSuites(TestNG.java:1112)
at org.testng.TestNG.run(TestNG.java:1079)
at org.testng.remote.AbstractRemoteTestNG.run(AbstractRemoteTestNG.java:115)
at org.testng.remote.RemoteTestNG.initAndRun(RemoteTestNG.java:293)
at org.testng.remote.RemoteTestNG.main(RemoteTestNG.java:91)
]]>
            </full-stacktrace>
          </exception> <!-- org.openqa.selenium.WebDriverException -->
          <reporter-output>
          </reporter-output>
        </test-method> <!-- preSetup -->
        <test-method signature="FillForm(java.util.HashMap)[pri:0, instance:org.rahulsherttyavademy.Ecommerce_tc_3@3f270e0a]" started-at="2024-08-08T18:38:51 IST" name="FillForm" data-provider="getData" finished-at="2024-08-08T18:38:51 IST" duration-ms="0" status="SKIP">
          <params>
            <param index="0">
              <value>
                <![CDATA[{gender=Female, name=Abhishek, country=Algeria}]]>
              </value>
            </param>
          </params>
          <exception class="org.openqa.selenium.WebDriverException">
            <message>
              <![CDATA[An unknown server-side error occurred while processing the command. Original error: Error executing adbExec. Original error: 'Command 'C:\\Users\\Admin\\Downloads\\android-sdkk\\platform-tools\\adb.exe -P 5037 -s ZD222G6KV8 shell am start-activity com.androidsample.generalstore/com.androidsample.generalstore.MainActivity' exited with code 255'; Command output: 
Exception occurred while executing 'start-activity':
java.lang.SecurityException: Permission Denial: starting Intent { act=android.intent.action.MAIN cat=[android.intent.category.LAUNCHER] flg=0x10000000 cmp=com.androidsample.generalstore/.MainActivity } from null (pid=30892, uid=2000) not exported from uid 10429
at com.android.server.wm.ActivityTaskSupervisor.checkStartAnyActivityPermission(ActivityTaskSupervisor.java:1275)
at com.android.server.wm.ActivityStarter.executeRequest(ActivityStarter.java:1364)
at com.android.server.wm.ActivityStarter.execute(ActivityStarter.java:964)
at com.android.server.wm.ActivityTaskManagerService.startActivityAsUser(ActivityTaskManagerService.java:1513)
at com.android.server.wm.ActivityTaskManagerService.startActivityAsUser(ActivityTaskManagerService.java:1460)
at com.android.server.am.ActivityManagerService.startActivityAsUserWithFeature(ActivityManagerService.java:3362)
at com.android.server.am.ActivityManagerShellCommand.runStartActivity(ActivityManagerShellCommand.java:741)
at com.android.server.am.ActivityManagerShellCommand.onCommand(ActivityManagerShellCommand.java:242)
at com.android.modules.utils.BasicShellCommandHandler.exec(BasicShellCommandHandler.java:97)
at android.os.ShellCommand.exec(ShellCommand.java:38)
at com.android.server.am.ActivityManagerService.onShellCommand(ActivityManagerService.java:10139)
at android.os.Binder.shellCommand(Binder.java:1103)
at android.os.Binder.onTransact(Binder.java:923)
at android.app.IActivityManager$Stub.onTransact(IActivityManager.java:5669)
at com.android.server.am.ActivityManagerService.onTransact(ActivityManagerService.java:2834)
at android.os.Binder.execTransactInternal(Binder.java:1385)
at android.os.Binder.execTransact(Binder.java:1310)

Build info: version: '4.23.0', revision: '4df0a231af'
System info: os.name: 'Windows 10', os.arch: 'amd64', os.version: '10.0', java.version: '19.0.2'
Driver info: io.appium.java_client.android.AndroidDriver
Command: [1d822356-fd85-491a-b02f-a7eb475f1a9d, executeScript {script=mobile:startActivity, args=[{intent=com.androidsample.generalstore/com.androidsample.generalstore.MainActivity}]}]
Capabilities {appium:app: C:\Users\Admin\eclipse-work..., appium:appPackage: com.androidsample.generalstore, appium:automationName: UIAutomator2, appium:chromedriverExecutable: C:\\Users\\Admin\\Favorites..., appium:databaseEnabled: false, appium:desired: {app: C:\Users\Admin\eclipse-work..., automationName: UIAutomator2, chromedriverExecutable: C:\\Users\\Admin\\Favorites..., deviceName: motorola motorola edge 40, platformName: ANDROID}, appium:deviceApiLevel: 34, appium:deviceManufacturer: motorola, appium:deviceModel: motorola edge 40, appium:deviceName: ZD222G6KV8, appium:deviceScreenDensity: 400, appium:deviceScreenSize: 1080x2294, appium:deviceUDID: ZD222G6KV8, appium:javascriptEnabled: true, appium:locationContextEnabled: false, appium:networkConnectionEnabled: true, appium:pixelRatio: 2.5, appium:platformVersion: 14, appium:statBarHeight: 106, appium:takesScreenshot: true, appium:viewportRect: {height: 2188, left: 0, top: 106, width: 1080}, appium:warnings: {}, appium:webStorageEnabled: false, platformName: ANDROID}
Session ID: 1d822356-fd85-491a-b02f-a7eb475f1a9d]]>
            </message>
            <full-stacktrace>
              <![CDATA[org.openqa.selenium.WebDriverException: An unknown server-side error occurred while processing the command. Original error: Error executing adbExec. Original error: 'Command 'C:\\Users\\Admin\\Downloads\\android-sdkk\\platform-tools\\adb.exe -P 5037 -s ZD222G6KV8 shell am start-activity com.androidsample.generalstore/com.androidsample.generalstore.MainActivity' exited with code 255'; Command output: 
Exception occurred while executing 'start-activity':
java.lang.SecurityException: Permission Denial: starting Intent { act=android.intent.action.MAIN cat=[android.intent.category.LAUNCHER] flg=0x10000000 cmp=com.androidsample.generalstore/.MainActivity } from null (pid=30892, uid=2000) not exported from uid 10429
at com.android.server.wm.ActivityTaskSupervisor.checkStartAnyActivityPermission(ActivityTaskSupervisor.java:1275)
at com.android.server.wm.ActivityStarter.executeRequest(ActivityStarter.java:1364)
at com.android.server.wm.ActivityStarter.execute(ActivityStarter.java:964)
at com.android.server.wm.ActivityTaskManagerService.startActivityAsUser(ActivityTaskManagerService.java:1513)
at com.android.server.wm.ActivityTaskManagerService.startActivityAsUser(ActivityTaskManagerService.java:1460)
at com.android.server.am.ActivityManagerService.startActivityAsUserWithFeature(ActivityManagerService.java:3362)
at com.android.server.am.ActivityManagerShellCommand.runStartActivity(ActivityManagerShellCommand.java:741)
at com.android.server.am.ActivityManagerShellCommand.onCommand(ActivityManagerShellCommand.java:242)
at com.android.modules.utils.BasicShellCommandHandler.exec(BasicShellCommandHandler.java:97)
at android.os.ShellCommand.exec(ShellCommand.java:38)
at com.android.server.am.ActivityManagerService.onShellCommand(ActivityManagerService.java:10139)
at android.os.Binder.shellCommand(Binder.java:1103)
at android.os.Binder.onTransact(Binder.java:923)
at android.app.IActivityManager$Stub.onTransact(IActivityManager.java:5669)
at com.android.server.am.ActivityManagerService.onTransact(ActivityManagerService.java:2834)
at android.os.Binder.execTransactInternal(Binder.java:1385)
at android.os.Binder.execTransact(Binder.java:1310)

Build info: version: '4.23.0', revision: '4df0a231af'
System info: os.name: 'Windows 10', os.arch: 'amd64', os.version: '10.0', java.version: '19.0.2'
Driver info: io.appium.java_client.android.AndroidDriver
Command: [1d822356-fd85-491a-b02f-a7eb475f1a9d, executeScript {script=mobile:startActivity, args=[{intent=com.androidsample.generalstore/com.androidsample.generalstore.MainActivity}]}]
Capabilities {appium:app: C:\Users\Admin\eclipse-work..., appium:appPackage: com.androidsample.generalstore, appium:automationName: UIAutomator2, appium:chromedriverExecutable: C:\\Users\\Admin\\Favorites..., appium:databaseEnabled: false, appium:desired: {app: C:\Users\Admin\eclipse-work..., automationName: UIAutomator2, chromedriverExecutable: C:\\Users\\Admin\\Favorites..., deviceName: motorola motorola edge 40, platformName: ANDROID}, appium:deviceApiLevel: 34, appium:deviceManufacturer: motorola, appium:deviceModel: motorola edge 40, appium:deviceName: ZD222G6KV8, appium:deviceScreenDensity: 400, appium:deviceScreenSize: 1080x2294, appium:deviceUDID: ZD222G6KV8, appium:javascriptEnabled: true, appium:locationContextEnabled: false, appium:networkConnectionEnabled: true, appium:pixelRatio: 2.5, appium:platformVersion: 14, appium:statBarHeight: 106, appium:takesScreenshot: true, appium:viewportRect: {height: 2188, left: 0, top: 106, width: 1080}, appium:warnings: {}, appium:webStorageEnabled: false, platformName: ANDROID}
Session ID: 1d822356-fd85-491a-b02f-a7eb475f1a9d
at java.base/jdk.internal.reflect.DirectConstructorHandleAccessor.newInstance(DirectConstructorHandleAccessor.java:67)
at java.base/java.lang.reflect.Constructor.newInstanceWithCaller(Constructor.java:500)
at java.base/java.lang.reflect.Constructor.newInstance(Constructor.java:484)
at org.openqa.selenium.remote.ErrorCodec.decode(ErrorCodec.java:167)
at org.openqa.selenium.remote.codec.w3c.W3CHttpResponseCodec.decode(W3CHttpResponseCodec.java:138)
at org.openqa.selenium.remote.codec.w3c.W3CHttpResponseCodec.decode(W3CHttpResponseCodec.java:50)
at org.openqa.selenium.remote.HttpCommandExecutor.execute(HttpCommandExecutor.java:190)
at io.appium.java_client.remote.AppiumCommandExecutor.execute(AppiumCommandExecutor.java:237)
at org.openqa.selenium.remote.RemoteWebDriver.execute(RemoteWebDriver.java:527)
at org.openqa.selenium.remote.RemoteWebDriver.executeScript(RemoteWebDriver.java:465)
at com.rahulshettyacacdemy.pageobjects.Android.FormPage.setActivity(FormPage.java:55)
at org.rahulsherttyavademy.Ecommerce_tc_3.preSetup(Ecommerce_tc_3.java:87)
at java.base/jdk.internal.reflect.DirectMethodHandleAccessor.invoke(DirectMethodHandleAccessor.java:104)
at java.base/java.lang.reflect.Method.invoke(Method.java:578)
at org.testng.internal.invokers.MethodInvocationHelper.invokeMethod(MethodInvocationHelper.java:141)
at org.testng.internal.invokers.MethodInvocationHelper.invokeMethodConsideringTimeout(MethodInvocationHelper.java:71)
at org.testng.internal.invokers.ConfigInvoker.invokeConfigurationMethod(ConfigInvoker.java:400)
at org.testng.internal.invokers.ConfigInvoker.invokeConfigurations(ConfigInvoker.java:333)
at org.testng.internal.invokers.TestInvoker.runConfigMethods(TestInvoker.java:833)
at org.testng.internal.invokers.TestInvoker.invokeMethod(TestInvoker.java:600)
at org.testng.internal.invokers.TestInvoker.invokeTestMethod(TestInvoker.java:230)
at org.testng.internal.invokers.MethodRunner.runInSequence(MethodRunner.java:63)
at org.testng.internal.invokers.TestInvoker$MethodInvocationAgent.invoke(TestInvoker.java:992)
at org.testng.internal.invokers.TestInvoker.invokeTestMethods(TestInvoker.java:203)
at org.testng.internal.invokers.TestMethodWorker.invokeTestMethods(TestMethodWorker.java:154)
at org.testng.internal.invokers.TestMethodWorker.run(TestMethodWorker.java:134)
at java.base/java.util.ArrayList.forEach(ArrayList.java:1511)
at org.testng.TestRunner.privateRun(TestRunner.java:739)
at org.testng.TestRunner.run(TestRunner.java:614)
at org.testng.SuiteRunner.runTest(SuiteRunner.java:421)
at org.testng.SuiteRunner.runSequentially(SuiteRunner.java:413)
at org.testng.SuiteRunner.privateRun(SuiteRunner.java:373)
at org.testng.SuiteRunner.run(SuiteRunner.java:312)
at org.testng.SuiteRunnerWorker.runSuite(SuiteRunnerWorker.java:52)
at org.testng.SuiteRunnerWorker.run(SuiteRunnerWorker.java:95)
at org.testng.TestNG.runSuitesSequentially(TestNG.java:1274)
at org.testng.TestNG.runSuitesLocally(TestNG.java:1208)
at org.testng.TestNG.runSuites(TestNG.java:1112)
at org.testng.TestNG.run(TestNG.java:1079)
at org.testng.remote.AbstractRemoteTestNG.run(AbstractRemoteTestNG.java:115)
at org.testng.remote.RemoteTestNG.initAndRun(RemoteTestNG.java:293)
at org.testng.remote.RemoteTestNG.main(RemoteTestNG.java:91)
]]>
            </full-stacktrace>
          </exception> <!-- org.openqa.selenium.WebDriverException -->
          <reporter-output>
          </reporter-output>
        </test-method> <!-- FillForm -->
        <test-method is-config="true" signature="preSetup()[pri:0, instance:org.rahulsherttyavademy.Ecommerce_tc_3@3f270e0a]" started-at="2024-08-08T18:38:51 IST" name="preSetup" finished-at="2024-08-08T18:38:51 IST" duration-ms="97" status="FAIL">
          <exception class="org.openqa.selenium.WebDriverException">
            <message>
              <![CDATA[An unknown server-side error occurred while processing the command. Original error: Error executing adbExec. Original error: 'Command 'C:\\Users\\Admin\\Downloads\\android-sdkk\\platform-tools\\adb.exe -P 5037 -s ZD222G6KV8 shell am start-activity com.androidsample.generalstore/com.androidsample.generalstore.MainActivity' exited with code 255'; Command output: 
Exception occurred while executing 'start-activity':
java.lang.SecurityException: Permission Denial: starting Intent { act=android.intent.action.MAIN cat=[android.intent.category.LAUNCHER] flg=0x10000000 cmp=com.androidsample.generalstore/.MainActivity } from null (pid=30897, uid=2000) not exported from uid 10429
at com.android.server.wm.ActivityTaskSupervisor.checkStartAnyActivityPermission(ActivityTaskSupervisor.java:1275)
at com.android.server.wm.ActivityStarter.executeRequest(ActivityStarter.java:1364)
at com.android.server.wm.ActivityStarter.execute(ActivityStarter.java:964)
at com.android.server.wm.ActivityTaskManagerService.startActivityAsUser(ActivityTaskManagerService.java:1513)
at com.android.server.wm.ActivityTaskManagerService.startActivityAsUser(ActivityTaskManagerService.java:1460)
at com.android.server.am.ActivityManagerService.startActivityAsUserWithFeature(ActivityManagerService.java:3362)
at com.android.server.am.ActivityManagerShellCommand.runStartActivity(ActivityManagerShellCommand.java:741)
at com.android.server.am.ActivityManagerShellCommand.onCommand(ActivityManagerShellCommand.java:242)
at com.android.modules.utils.BasicShellCommandHandler.exec(BasicShellCommandHandler.java:97)
at android.os.ShellCommand.exec(ShellCommand.java:38)
at com.android.server.am.ActivityManagerService.onShellCommand(ActivityManagerService.java:10139)
at android.os.Binder.shellCommand(Binder.java:1103)
at android.os.Binder.onTransact(Binder.java:923)
at android.app.IActivityManager$Stub.onTransact(IActivityManager.java:5669)
at com.android.server.am.ActivityManagerService.onTransact(ActivityManagerService.java:2834)
at android.os.Binder.execTransactInternal(Binder.java:1385)
at android.os.Binder.execTransact(Binder.java:1310)

Build info: version: '4.23.0', revision: '4df0a231af'
System info: os.name: 'Windows 10', os.arch: 'amd64', os.version: '10.0', java.version: '19.0.2'
Driver info: io.appium.java_client.android.AndroidDriver
Command: [1d822356-fd85-491a-b02f-a7eb475f1a9d, executeScript {script=mobile:startActivity, args=[{intent=com.androidsample.generalstore/com.androidsample.generalstore.MainActivity}]}]
Capabilities {appium:app: C:\Users\Admin\eclipse-work..., appium:appPackage: com.androidsample.generalstore, appium:automationName: UIAutomator2, appium:chromedriverExecutable: C:\\Users\\Admin\\Favorites..., appium:databaseEnabled: false, appium:desired: {app: C:\Users\Admin\eclipse-work..., automationName: UIAutomator2, chromedriverExecutable: C:\\Users\\Admin\\Favorites..., deviceName: motorola motorola edge 40, platformName: ANDROID}, appium:deviceApiLevel: 34, appium:deviceManufacturer: motorola, appium:deviceModel: motorola edge 40, appium:deviceName: ZD222G6KV8, appium:deviceScreenDensity: 400, appium:deviceScreenSize: 1080x2294, appium:deviceUDID: ZD222G6KV8, appium:javascriptEnabled: true, appium:locationContextEnabled: false, appium:networkConnectionEnabled: true, appium:pixelRatio: 2.5, appium:platformVersion: 14, appium:statBarHeight: 106, appium:takesScreenshot: true, appium:viewportRect: {height: 2188, left: 0, top: 106, width: 1080}, appium:warnings: {}, appium:webStorageEnabled: false, platformName: ANDROID}
Session ID: 1d822356-fd85-491a-b02f-a7eb475f1a9d]]>
            </message>
            <full-stacktrace>
              <![CDATA[org.openqa.selenium.WebDriverException: An unknown server-side error occurred while processing the command. Original error: Error executing adbExec. Original error: 'Command 'C:\\Users\\Admin\\Downloads\\android-sdkk\\platform-tools\\adb.exe -P 5037 -s ZD222G6KV8 shell am start-activity com.androidsample.generalstore/com.androidsample.generalstore.MainActivity' exited with code 255'; Command output: 
Exception occurred while executing 'start-activity':
java.lang.SecurityException: Permission Denial: starting Intent { act=android.intent.action.MAIN cat=[android.intent.category.LAUNCHER] flg=0x10000000 cmp=com.androidsample.generalstore/.MainActivity } from null (pid=30897, uid=2000) not exported from uid 10429
at com.android.server.wm.ActivityTaskSupervisor.checkStartAnyActivityPermission(ActivityTaskSupervisor.java:1275)
at com.android.server.wm.ActivityStarter.executeRequest(ActivityStarter.java:1364)
at com.android.server.wm.ActivityStarter.execute(ActivityStarter.java:964)
at com.android.server.wm.ActivityTaskManagerService.startActivityAsUser(ActivityTaskManagerService.java:1513)
at com.android.server.wm.ActivityTaskManagerService.startActivityAsUser(ActivityTaskManagerService.java:1460)
at com.android.server.am.ActivityManagerService.startActivityAsUserWithFeature(ActivityManagerService.java:3362)
at com.android.server.am.ActivityManagerShellCommand.runStartActivity(ActivityManagerShellCommand.java:741)
at com.android.server.am.ActivityManagerShellCommand.onCommand(ActivityManagerShellCommand.java:242)
at com.android.modules.utils.BasicShellCommandHandler.exec(BasicShellCommandHandler.java:97)
at android.os.ShellCommand.exec(ShellCommand.java:38)
at com.android.server.am.ActivityManagerService.onShellCommand(ActivityManagerService.java:10139)
at android.os.Binder.shellCommand(Binder.java:1103)
at android.os.Binder.onTransact(Binder.java:923)
at android.app.IActivityManager$Stub.onTransact(IActivityManager.java:5669)
at com.android.server.am.ActivityManagerService.onTransact(ActivityManagerService.java:2834)
at android.os.Binder.execTransactInternal(Binder.java:1385)
at android.os.Binder.execTransact(Binder.java:1310)

Build info: version: '4.23.0', revision: '4df0a231af'
System info: os.name: 'Windows 10', os.arch: 'amd64', os.version: '10.0', java.version: '19.0.2'
Driver info: io.appium.java_client.android.AndroidDriver
Command: [1d822356-fd85-491a-b02f-a7eb475f1a9d, executeScript {script=mobile:startActivity, args=[{intent=com.androidsample.generalstore/com.androidsample.generalstore.MainActivity}]}]
Capabilities {appium:app: C:\Users\Admin\eclipse-work..., appium:appPackage: com.androidsample.generalstore, appium:automationName: UIAutomator2, appium:chromedriverExecutable: C:\\Users\\Admin\\Favorites..., appium:databaseEnabled: false, appium:desired: {app: C:\Users\Admin\eclipse-work..., automationName: UIAutomator2, chromedriverExecutable: C:\\Users\\Admin\\Favorites..., deviceName: motorola motorola edge 40, platformName: ANDROID}, appium:deviceApiLevel: 34, appium:deviceManufacturer: motorola, appium:deviceModel: motorola edge 40, appium:deviceName: ZD222G6KV8, appium:deviceScreenDensity: 400, appium:deviceScreenSize: 1080x2294, appium:deviceUDID: ZD222G6KV8, appium:javascriptEnabled: true, appium:locationContextEnabled: false, appium:networkConnectionEnabled: true, appium:pixelRatio: 2.5, appium:platformVersion: 14, appium:statBarHeight: 106, appium:takesScreenshot: true, appium:viewportRect: {height: 2188, left: 0, top: 106, width: 1080}, appium:warnings: {}, appium:webStorageEnabled: false, platformName: ANDROID}
Session ID: 1d822356-fd85-491a-b02f-a7eb475f1a9d
at java.base/jdk.internal.reflect.DirectConstructorHandleAccessor.newInstance(DirectConstructorHandleAccessor.java:67)
at java.base/java.lang.reflect.Constructor.newInstanceWithCaller(Constructor.java:500)
at java.base/java.lang.reflect.Constructor.newInstance(Constructor.java:484)
at org.openqa.selenium.remote.ErrorCodec.decode(ErrorCodec.java:167)
at org.openqa.selenium.remote.codec.w3c.W3CHttpResponseCodec.decode(W3CHttpResponseCodec.java:138)
at org.openqa.selenium.remote.codec.w3c.W3CHttpResponseCodec.decode(W3CHttpResponseCodec.java:50)
at org.openqa.selenium.remote.HttpCommandExecutor.execute(HttpCommandExecutor.java:190)
at io.appium.java_client.remote.AppiumCommandExecutor.execute(AppiumCommandExecutor.java:237)
at org.openqa.selenium.remote.RemoteWebDriver.execute(RemoteWebDriver.java:527)
at org.openqa.selenium.remote.RemoteWebDriver.executeScript(RemoteWebDriver.java:465)
at com.rahulshettyacacdemy.pageobjects.Android.FormPage.setActivity(FormPage.java:55)
at org.rahulsherttyavademy.Ecommerce_tc_3.preSetup(Ecommerce_tc_3.java:87)
at java.base/jdk.internal.reflect.DirectMethodHandleAccessor.invoke(DirectMethodHandleAccessor.java:104)
at java.base/java.lang.reflect.Method.invoke(Method.java:578)
at org.testng.internal.invokers.MethodInvocationHelper.invokeMethod(MethodInvocationHelper.java:141)
at org.testng.internal.invokers.MethodInvocationHelper.invokeMethodConsideringTimeout(MethodInvocationHelper.java:71)
at org.testng.internal.invokers.ConfigInvoker.invokeConfigurationMethod(ConfigInvoker.java:400)
at org.testng.internal.invokers.ConfigInvoker.invokeConfigurations(ConfigInvoker.java:333)
at org.testng.internal.invokers.TestInvoker.runConfigMethods(TestInvoker.java:833)
at org.testng.internal.invokers.TestInvoker.invokeMethod(TestInvoker.java:600)
at org.testng.internal.invokers.TestInvoker.invokeTestMethod(TestInvoker.java:230)
at org.testng.internal.invokers.MethodRunner.runInSequence(MethodRunner.java:63)
at org.testng.internal.invokers.TestInvoker$MethodInvocationAgent.invoke(TestInvoker.java:992)
at org.testng.internal.invokers.TestInvoker.invokeTestMethods(TestInvoker.java:203)
at org.testng.internal.invokers.TestMethodWorker.invokeTestMethods(TestMethodWorker.java:154)
at org.testng.internal.invokers.TestMethodWorker.run(TestMethodWorker.java:134)
at java.base/java.util.ArrayList.forEach(ArrayList.java:1511)
at org.testng.TestRunner.privateRun(TestRunner.java:739)
at org.testng.TestRunner.run(TestRunner.java:614)
at org.testng.SuiteRunner.runTest(SuiteRunner.java:421)
at org.testng.SuiteRunner.runSequentially(SuiteRunner.java:413)
at org.testng.SuiteRunner.privateRun(SuiteRunner.java:373)
at org.testng.SuiteRunner.run(SuiteRunner.java:312)
at org.testng.SuiteRunnerWorker.runSuite(SuiteRunnerWorker.java:52)
at org.testng.SuiteRunnerWorker.run(SuiteRunnerWorker.java:95)
at org.testng.TestNG.runSuitesSequentially(TestNG.java:1274)
at org.testng.TestNG.runSuitesLocally(TestNG.java:1208)
at org.testng.TestNG.runSuites(TestNG.java:1112)
at org.testng.TestNG.run(TestNG.java:1079)
at org.testng.remote.AbstractRemoteTestNG.run(AbstractRemoteTestNG.java:115)
at org.testng.remote.RemoteTestNG.initAndRun(RemoteTestNG.java:293)
at org.testng.remote.RemoteTestNG.main(RemoteTestNG.java:91)
]]>
            </full-stacktrace>
          </exception> <!-- org.openqa.selenium.WebDriverException -->
          <reporter-output>
          </reporter-output>
        </test-method> <!-- preSetup -->
        <test-method signature="FillForm(java.util.HashMap)[pri:0, instance:org.rahulsherttyavademy.Ecommerce_tc_3@3f270e0a]" started-at="2024-08-08T18:38:51 IST" name="FillForm" data-provider="getData" finished-at="2024-08-08T18:38:51 IST" duration-ms="0" status="SKIP">
          <params>
            <param index="0">
              <value>
                <![CDATA[{gender=male, name=Abhishek kr, country=Argentina}]]>
              </value>
            </param>
          </params>
          <exception class="org.openqa.selenium.WebDriverException">
            <message>
              <![CDATA[An unknown server-side error occurred while processing the command. Original error: Error executing adbExec. Original error: 'Command 'C:\\Users\\Admin\\Downloads\\android-sdkk\\platform-tools\\adb.exe -P 5037 -s ZD222G6KV8 shell am start-activity com.androidsample.generalstore/com.androidsample.generalstore.MainActivity' exited with code 255'; Command output: 
Exception occurred while executing 'start-activity':
java.lang.SecurityException: Permission Denial: starting Intent { act=android.intent.action.MAIN cat=[android.intent.category.LAUNCHER] flg=0x10000000 cmp=com.androidsample.generalstore/.MainActivity } from null (pid=30897, uid=2000) not exported from uid 10429
at com.android.server.wm.ActivityTaskSupervisor.checkStartAnyActivityPermission(ActivityTaskSupervisor.java:1275)
at com.android.server.wm.ActivityStarter.executeRequest(ActivityStarter.java:1364)
at com.android.server.wm.ActivityStarter.execute(ActivityStarter.java:964)
at com.android.server.wm.ActivityTaskManagerService.startActivityAsUser(ActivityTaskManagerService.java:1513)
at com.android.server.wm.ActivityTaskManagerService.startActivityAsUser(ActivityTaskManagerService.java:1460)
at com.android.server.am.ActivityManagerService.startActivityAsUserWithFeature(ActivityManagerService.java:3362)
at com.android.server.am.ActivityManagerShellCommand.runStartActivity(ActivityManagerShellCommand.java:741)
at com.android.server.am.ActivityManagerShellCommand.onCommand(ActivityManagerShellCommand.java:242)
at com.android.modules.utils.BasicShellCommandHandler.exec(BasicShellCommandHandler.java:97)
at android.os.ShellCommand.exec(ShellCommand.java:38)
at com.android.server.am.ActivityManagerService.onShellCommand(ActivityManagerService.java:10139)
at android.os.Binder.shellCommand(Binder.java:1103)
at android.os.Binder.onTransact(Binder.java:923)
at android.app.IActivityManager$Stub.onTransact(IActivityManager.java:5669)
at com.android.server.am.ActivityManagerService.onTransact(ActivityManagerService.java:2834)
at android.os.Binder.execTransactInternal(Binder.java:1385)
at android.os.Binder.execTransact(Binder.java:1310)

Build info: version: '4.23.0', revision: '4df0a231af'
System info: os.name: 'Windows 10', os.arch: 'amd64', os.version: '10.0', java.version: '19.0.2'
Driver info: io.appium.java_client.android.AndroidDriver
Command: [1d822356-fd85-491a-b02f-a7eb475f1a9d, executeScript {script=mobile:startActivity, args=[{intent=com.androidsample.generalstore/com.androidsample.generalstore.MainActivity}]}]
Capabilities {appium:app: C:\Users\Admin\eclipse-work..., appium:appPackage: com.androidsample.generalstore, appium:automationName: UIAutomator2, appium:chromedriverExecutable: C:\\Users\\Admin\\Favorites..., appium:databaseEnabled: false, appium:desired: {app: C:\Users\Admin\eclipse-work..., automationName: UIAutomator2, chromedriverExecutable: C:\\Users\\Admin\\Favorites..., deviceName: motorola motorola edge 40, platformName: ANDROID}, appium:deviceApiLevel: 34, appium:deviceManufacturer: motorola, appium:deviceModel: motorola edge 40, appium:deviceName: ZD222G6KV8, appium:deviceScreenDensity: 400, appium:deviceScreenSize: 1080x2294, appium:deviceUDID: ZD222G6KV8, appium:javascriptEnabled: true, appium:locationContextEnabled: false, appium:networkConnectionEnabled: true, appium:pixelRatio: 2.5, appium:platformVersion: 14, appium:statBarHeight: 106, appium:takesScreenshot: true, appium:viewportRect: {height: 2188, left: 0, top: 106, width: 1080}, appium:warnings: {}, appium:webStorageEnabled: false, platformName: ANDROID}
Session ID: 1d822356-fd85-491a-b02f-a7eb475f1a9d]]>
            </message>
            <full-stacktrace>
              <![CDATA[org.openqa.selenium.WebDriverException: An unknown server-side error occurred while processing the command. Original error: Error executing adbExec. Original error: 'Command 'C:\\Users\\Admin\\Downloads\\android-sdkk\\platform-tools\\adb.exe -P 5037 -s ZD222G6KV8 shell am start-activity com.androidsample.generalstore/com.androidsample.generalstore.MainActivity' exited with code 255'; Command output: 
Exception occurred while executing 'start-activity':
java.lang.SecurityException: Permission Denial: starting Intent { act=android.intent.action.MAIN cat=[android.intent.category.LAUNCHER] flg=0x10000000 cmp=com.androidsample.generalstore/.MainActivity } from null (pid=30897, uid=2000) not exported from uid 10429
at com.android.server.wm.ActivityTaskSupervisor.checkStartAnyActivityPermission(ActivityTaskSupervisor.java:1275)
at com.android.server.wm.ActivityStarter.executeRequest(ActivityStarter.java:1364)
at com.android.server.wm.ActivityStarter.execute(ActivityStarter.java:964)
at com.android.server.wm.ActivityTaskManagerService.startActivityAsUser(ActivityTaskManagerService.java:1513)
at com.android.server.wm.ActivityTaskManagerService.startActivityAsUser(ActivityTaskManagerService.java:1460)
at com.android.server.am.ActivityManagerService.startActivityAsUserWithFeature(ActivityManagerService.java:3362)
at com.android.server.am.ActivityManagerShellCommand.runStartActivity(ActivityManagerShellCommand.java:741)
at com.android.server.am.ActivityManagerShellCommand.onCommand(ActivityManagerShellCommand.java:242)
at com.android.modules.utils.BasicShellCommandHandler.exec(BasicShellCommandHandler.java:97)
at android.os.ShellCommand.exec(ShellCommand.java:38)
at com.android.server.am.ActivityManagerService.onShellCommand(ActivityManagerService.java:10139)
at android.os.Binder.shellCommand(Binder.java:1103)
at android.os.Binder.onTransact(Binder.java:923)
at android.app.IActivityManager$Stub.onTransact(IActivityManager.java:5669)
at com.android.server.am.ActivityManagerService.onTransact(ActivityManagerService.java:2834)
at android.os.Binder.execTransactInternal(Binder.java:1385)
at android.os.Binder.execTransact(Binder.java:1310)

Build info: version: '4.23.0', revision: '4df0a231af'
System info: os.name: 'Windows 10', os.arch: 'amd64', os.version: '10.0', java.version: '19.0.2'
Driver info: io.appium.java_client.android.AndroidDriver
Command: [1d822356-fd85-491a-b02f-a7eb475f1a9d, executeScript {script=mobile:startActivity, args=[{intent=com.androidsample.generalstore/com.androidsample.generalstore.MainActivity}]}]
Capabilities {appium:app: C:\Users\Admin\eclipse-work..., appium:appPackage: com.androidsample.generalstore, appium:automationName: UIAutomator2, appium:chromedriverExecutable: C:\\Users\\Admin\\Favorites..., appium:databaseEnabled: false, appium:desired: {app: C:\Users\Admin\eclipse-work..., automationName: UIAutomator2, chromedriverExecutable: C:\\Users\\Admin\\Favorites..., deviceName: motorola motorola edge 40, platformName: ANDROID}, appium:deviceApiLevel: 34, appium:deviceManufacturer: motorola, appium:deviceModel: motorola edge 40, appium:deviceName: ZD222G6KV8, appium:deviceScreenDensity: 400, appium:deviceScreenSize: 1080x2294, appium:deviceUDID: ZD222G6KV8, appium:javascriptEnabled: true, appium:locationContextEnabled: false, appium:networkConnectionEnabled: true, appium:pixelRatio: 2.5, appium:platformVersion: 14, appium:statBarHeight: 106, appium:takesScreenshot: true, appium:viewportRect: {height: 2188, left: 0, top: 106, width: 1080}, appium:warnings: {}, appium:webStorageEnabled: false, platformName: ANDROID}
Session ID: 1d822356-fd85-491a-b02f-a7eb475f1a9d
at java.base/jdk.internal.reflect.DirectConstructorHandleAccessor.newInstance(DirectConstructorHandleAccessor.java:67)
at java.base/java.lang.reflect.Constructor.newInstanceWithCaller(Constructor.java:500)
at java.base/java.lang.reflect.Constructor.newInstance(Constructor.java:484)
at org.openqa.selenium.remote.ErrorCodec.decode(ErrorCodec.java:167)
at org.openqa.selenium.remote.codec.w3c.W3CHttpResponseCodec.decode(W3CHttpResponseCodec.java:138)
at org.openqa.selenium.remote.codec.w3c.W3CHttpResponseCodec.decode(W3CHttpResponseCodec.java:50)
at org.openqa.selenium.remote.HttpCommandExecutor.execute(HttpCommandExecutor.java:190)
at io.appium.java_client.remote.AppiumCommandExecutor.execute(AppiumCommandExecutor.java:237)
at org.openqa.selenium.remote.RemoteWebDriver.execute(RemoteWebDriver.java:527)
at org.openqa.selenium.remote.RemoteWebDriver.executeScript(RemoteWebDriver.java:465)
at com.rahulshettyacacdemy.pageobjects.Android.FormPage.setActivity(FormPage.java:55)
at org.rahulsherttyavademy.Ecommerce_tc_3.preSetup(Ecommerce_tc_3.java:87)
at java.base/jdk.internal.reflect.DirectMethodHandleAccessor.invoke(DirectMethodHandleAccessor.java:104)
at java.base/java.lang.reflect.Method.invoke(Method.java:578)
at org.testng.internal.invokers.MethodInvocationHelper.invokeMethod(MethodInvocationHelper.java:141)
at org.testng.internal.invokers.MethodInvocationHelper.invokeMethodConsideringTimeout(MethodInvocationHelper.java:71)
at org.testng.internal.invokers.ConfigInvoker.invokeConfigurationMethod(ConfigInvoker.java:400)
at org.testng.internal.invokers.ConfigInvoker.invokeConfigurations(ConfigInvoker.java:333)
at org.testng.internal.invokers.TestInvoker.runConfigMethods(TestInvoker.java:833)
at org.testng.internal.invokers.TestInvoker.invokeMethod(TestInvoker.java:600)
at org.testng.internal.invokers.TestInvoker.invokeTestMethod(TestInvoker.java:230)
at org.testng.internal.invokers.MethodRunner.runInSequence(MethodRunner.java:63)
at org.testng.internal.invokers.TestInvoker$MethodInvocationAgent.invoke(TestInvoker.java:992)
at org.testng.internal.invokers.TestInvoker.invokeTestMethods(TestInvoker.java:203)
at org.testng.internal.invokers.TestMethodWorker.invokeTestMethods(TestMethodWorker.java:154)
at org.testng.internal.invokers.TestMethodWorker.run(TestMethodWorker.java:134)
at java.base/java.util.ArrayList.forEach(ArrayList.java:1511)
at org.testng.TestRunner.privateRun(TestRunner.java:739)
at org.testng.TestRunner.run(TestRunner.java:614)
at org.testng.SuiteRunner.runTest(SuiteRunner.java:421)
at org.testng.SuiteRunner.runSequentially(SuiteRunner.java:413)
at org.testng.SuiteRunner.privateRun(SuiteRunner.java:373)
at org.testng.SuiteRunner.run(SuiteRunner.java:312)
at org.testng.SuiteRunnerWorker.runSuite(SuiteRunnerWorker.java:52)
at org.testng.SuiteRunnerWorker.run(SuiteRunnerWorker.java:95)
at org.testng.TestNG.runSuitesSequentially(TestNG.java:1274)
at org.testng.TestNG.runSuitesLocally(TestNG.java:1208)
at org.testng.TestNG.runSuites(TestNG.java:1112)
at org.testng.TestNG.run(TestNG.java:1079)
at org.testng.remote.AbstractRemoteTestNG.run(AbstractRemoteTestNG.java:115)
at org.testng.remote.RemoteTestNG.initAndRun(RemoteTestNG.java:293)
at org.testng.remote.RemoteTestNG.main(RemoteTestNG.java:91)
]]>
            </full-stacktrace>
          </exception> <!-- org.openqa.selenium.WebDriverException -->
          <reporter-output>
          </reporter-output>
        </test-method> <!-- FillForm -->
      </class> <!-- org.rahulsherttyavademy.Ecommerce_tc_3 -->
    </test> <!-- End To End Framework Test -->
  </suite> <!-- Suite -->
</testng-results>
